<?xml version="1.0" encoding="UTF-8"?>
<testsuites name="test_with_data_file" time="41.116" tests="3" failures="0" errors="0">
   <testsuite name="test_with_data_file" tests="3" failures="0" errors="0" time="41.116" timestamp="2020-10-18 19:01:17" hostname="Phap Minh - TUF-A15" id="Test Suites/test_with_data_file">
      <properties>
         <property name="deviceName" value=""/>
         <property name="devicePlatform" value=""/>
         <property name="logFolder" value="D:\\HCMUE\\2021_HK1\\Test\\ST_LAB2\\Reports\\20201018_190113\\test_with_data_file\\20201018_190113"/>
         <property name="logFiles" value="D:\\HCMUE\\2021_HK1\\Test\\ST_LAB2\\Reports\\20201018_190113\\test_with_data_file\\20201018_190113\\execution0.log"/>
         <property name="attachments" value=""/>
         <property name="hostName" value="Phap Minh - TUF-A15"/>
         <property name="os" value="Windows 10 64bit"/>
         <property name="katalonVersion" value="7.7.1.205"/>
         <property name="browser" value="Chrome 86.0.4240.75"/>
         <property name="hostAddress" value="172.16.1.161"/>
         <property name="sessionId" value="e3b7f369f783c8be3173606819cd8781"/>
         <property name="seleniumVersion" value="3.141.59"/>
         <property name="proxyInformation" value="ProxyInformation { proxyOption=NO_PROXY, proxyServerType=HTTP, username=, password=********, proxyServerAddress=, proxyServerPort=0, executionList=&quot;&quot;, isApplyToDesiredCapabilities=true }"/>
         <property name="platform" value="Windows 10"/>
      </properties>
      <testcase name="Test Cases/success_with_data_file" time="15.056" classname="Test Cases/success_with_data_file" status="PASSED">
         <system-out><![CDATA[2020-10-18 19:01:18 - [TEST_CASE][PASSED] - Test Cases/success_with_data_file: Test Cases/success_with_data_file

2020-10-18 19:01:18 - [TEST_STEP][PASSED] - openBrowser(""): Browser is opened with url: ''

2020-10-18 19:01:18 - [MESSAGE][INFO] - Starting 'Chrome' driver

2020-10-18 19:01:19 - [MESSAGE][INFO] - Action delay is set to 0 milliseconds

2020-10-18 19:01:24 - [MESSAGE][PASSED] - Browser is opened with url: ''

2020-10-18 19:01:24 - [TEST_STEP][PASSED] - navigateToUrl("https://katalon-demo-cura.herokuapp.com/"): Navigate to 'https://katalon-demo-cura.herokuapp.com/' successfully

2020-10-18 19:01:28 - [MESSAGE][PASSED] - Navigate to 'https://katalon-demo-cura.herokuapp.com/' successfully

2020-10-18 19:01:28 - [TEST_STEP][PASSED] - click(findTestObject("Object Repository/Page_CURA Healthcare Service/a_Make Appointment")): Object: 'Object Repository/Page_CURA Healthcare Service/a_Make Appointment' is clicked on

2020-10-18 19:01:29 - [MESSAGE][PASSED] - Object: 'Object Repository/Page_CURA Healthcare Service/a_Make Appointment' is clicked on

2020-10-18 19:01:29 - [TEST_STEP][PASSED] - setText(findTestObject("Object Repository/Page_CURA Healthcare Service/input_Username_username"), id): Text 'John Doe' is set on object 'Object Repository/Page_CURA Healthcare Service/input_Username_username'

2020-10-18 19:01:30 - [MESSAGE][PASSED] - Text 'John Doe' is set on object 'Object Repository/Page_CURA Healthcare Service/input_Username_username'

2020-10-18 19:01:30 - [TEST_STEP][PASSED] - setText(findTestObject("Object Repository/Page_CURA Healthcare Service/input_Password_password"), pw): Text 'ThisIsNotAPassword' is set on object 'Object Repository/Page_CURA Healthcare Service/input_Password_password'

2020-10-18 19:01:31 - [MESSAGE][PASSED] - Text 'ThisIsNotAPassword' is set on object 'Object Repository/Page_CURA Healthcare Service/input_Password_password'

2020-10-18 19:01:31 - [TEST_STEP][PASSED] - click(findTestObject("Object Repository/Page_CURA Healthcare Service/button_Login")): Object: 'Object Repository/Page_CURA Healthcare Service/button_Login' is clicked on

2020-10-18 19:01:32 - [MESSAGE][PASSED] - Object: 'Object Repository/Page_CURA Healthcare Service/button_Login' is clicked on

2020-10-18 19:01:32 - [TEST_STEP][PASSED] - closeBrowser(): Browser is closed

2020-10-18 19:01:33 - [MESSAGE][PASSED] - Browser is closed]]></system-out>
         <system-err><![CDATA[]]></system-err>
      </testcase>
      <testcase name="Test Cases/success_with_data_file" time="12.244" classname="Test Cases/success_with_data_file" status="PASSED">
         <system-out><![CDATA[2020-10-18 19:01:33 - [TEST_CASE][PASSED] - Test Cases/success_with_data_file: Test Cases/success_with_data_file

2020-10-18 19:01:33 - [TEST_STEP][PASSED] - openBrowser(""): Browser is opened with url: ''

2020-10-18 19:01:33 - [MESSAGE][INFO] - Starting 'Chrome' driver

2020-10-18 19:01:33 - [MESSAGE][INFO] - Action delay is set to 0 milliseconds

2020-10-18 19:01:36 - [MESSAGE][PASSED] - Browser is opened with url: ''

2020-10-18 19:01:36 - [TEST_STEP][PASSED] - navigateToUrl("https://katalon-demo-cura.herokuapp.com/"): Navigate to 'https://katalon-demo-cura.herokuapp.com/' successfully

2020-10-18 19:01:40 - [MESSAGE][PASSED] - Navigate to 'https://katalon-demo-cura.herokuapp.com/' successfully

2020-10-18 19:01:40 - [TEST_STEP][PASSED] - click(findTestObject("Object Repository/Page_CURA Healthcare Service/a_Make Appointment")): Object: 'Object Repository/Page_CURA Healthcare Service/a_Make Appointment' is clicked on

2020-10-18 19:01:41 - [MESSAGE][PASSED] - Object: 'Object Repository/Page_CURA Healthcare Service/a_Make Appointment' is clicked on

2020-10-18 19:01:41 - [TEST_STEP][PASSED] - setText(findTestObject("Object Repository/Page_CURA Healthcare Service/input_Username_username"), id): Text 'phapnm' is set on object 'Object Repository/Page_CURA Healthcare Service/input_Username_username'

2020-10-18 19:01:42 - [MESSAGE][PASSED] - Text 'phapnm' is set on object 'Object Repository/Page_CURA Healthcare Service/input_Username_username'

2020-10-18 19:01:42 - [TEST_STEP][PASSED] - setText(findTestObject("Object Repository/Page_CURA Healthcare Service/input_Password_password"), pw): Text '123' is set on object 'Object Repository/Page_CURA Healthcare Service/input_Password_password'

2020-10-18 19:01:43 - [MESSAGE][PASSED] - Text '123' is set on object 'Object Repository/Page_CURA Healthcare Service/input_Password_password'

2020-10-18 19:01:43 - [TEST_STEP][PASSED] - click(findTestObject("Object Repository/Page_CURA Healthcare Service/button_Login")): Object: 'Object Repository/Page_CURA Healthcare Service/button_Login' is clicked on

2020-10-18 19:01:44 - [MESSAGE][PASSED] - Object: 'Object Repository/Page_CURA Healthcare Service/button_Login' is clicked on

2020-10-18 19:01:44 - [TEST_STEP][PASSED] - closeBrowser(): Browser is closed

2020-10-18 19:01:45 - [MESSAGE][PASSED] - Browser is closed]]></system-out>
         <system-err><![CDATA[]]></system-err>
      </testcase>
      <testcase name="Test Cases/success_with_data_file" time="12.708" classname="Test Cases/success_with_data_file" status="PASSED">
         <system-out><![CDATA[2020-10-18 19:01:45 - [TEST_CASE][PASSED] - Test Cases/success_with_data_file: Test Cases/success_with_data_file

2020-10-18 19:01:45 - [TEST_STEP][PASSED] - openBrowser(""): Browser is opened with url: ''

2020-10-18 19:01:45 - [MESSAGE][INFO] - Starting 'Chrome' driver

2020-10-18 19:01:45 - [MESSAGE][INFO] - Action delay is set to 0 milliseconds

2020-10-18 19:01:48 - [MESSAGE][PASSED] - Browser is opened with url: ''

2020-10-18 19:01:48 - [TEST_STEP][PASSED] - navigateToUrl("https://katalon-demo-cura.herokuapp.com/"): Navigate to 'https://katalon-demo-cura.herokuapp.com/' successfully

2020-10-18 19:01:53 - [MESSAGE][PASSED] - Navigate to 'https://katalon-demo-cura.herokuapp.com/' successfully

2020-10-18 19:01:53 - [TEST_STEP][PASSED] - click(findTestObject("Object Repository/Page_CURA Healthcare Service/a_Make Appointment")): Object: 'Object Repository/Page_CURA Healthcare Service/a_Make Appointment' is clicked on

2020-10-18 19:01:54 - [MESSAGE][PASSED] - Object: 'Object Repository/Page_CURA Healthcare Service/a_Make Appointment' is clicked on

2020-10-18 19:01:54 - [TEST_STEP][PASSED] - setText(findTestObject("Object Repository/Page_CURA Healthcare Service/input_Username_username"), id): Text 'test' is set on object 'Object Repository/Page_CURA Healthcare Service/input_Username_username'

2020-10-18 19:01:54 - [MESSAGE][PASSED] - Text 'test' is set on object 'Object Repository/Page_CURA Healthcare Service/input_Username_username'

2020-10-18 19:01:54 - [TEST_STEP][PASSED] - setText(findTestObject("Object Repository/Page_CURA Healthcare Service/input_Password_password"), pw): Text '456' is set on object 'Object Repository/Page_CURA Healthcare Service/input_Password_password'

2020-10-18 19:01:55 - [MESSAGE][PASSED] - Text '456' is set on object 'Object Repository/Page_CURA Healthcare Service/input_Password_password'

2020-10-18 19:01:55 - [TEST_STEP][PASSED] - click(findTestObject("Object Repository/Page_CURA Healthcare Service/button_Login")): Object: 'Object Repository/Page_CURA Healthcare Service/button_Login' is clicked on

2020-10-18 19:01:56 - [MESSAGE][PASSED] - Object: 'Object Repository/Page_CURA Healthcare Service/button_Login' is clicked on

2020-10-18 19:01:56 - [TEST_STEP][PASSED] - closeBrowser(): Browser is closed

2020-10-18 19:01:58 - [MESSAGE][PASSED] - Browser is closed]]></system-out>
         <system-err><![CDATA[]]></system-err>
      </testcase>
      <system-out><![CDATA[2020-10-18 19:01:17 - [TEST_SUITE][PASSED] - test_with_data_file: Test Cases/success_with_data_file]]></system-out>
      <system-err><![CDATA[]]></system-err>
   </testsuite>
</testsuites>
